<?xml version="1.0" encoding="UTF-8"?>
<!-- Generated by org.testng.reporters.JUnitReportReporter -->
<testsuite skipped="0" hostname="DESKTOP-U63PT7Q" name="RunnerClasses.Runner_1" tests="3" failures="0" timestamp="2023-04-10T07:35:43 IST" time="104.241" errors="0">
  <testcase name="runScenario" time="31.593" classname="RunnerClasses.Runner_1"/>
  <system-out>
    <![CDATA[successfully executed...]]>
  </system-out>
  <testcase name="runScenario" time="27.899" classname="RunnerClasses.Runner_1"/>
  <system-out>
    <![CDATA[successfully executed...]]>
  </system-out>
  <testcase name="runScenario" time="44.749" classname="RunnerClasses.Runner_1"/>
  <system-out>
    <![CDATA[successfully executed...]]>
  </system-out>
</testsuite> <!-- RunnerClasses.Runner_1 -->
